<?xml version="1.0" encoding="UTF-8"?>
<coverage generated="1752907255561" clover="3.2.0">
  <project timestamp="1752907255562" name="All files">
    <metrics statements="122" coveredstatements="101" conditionals="94" coveredconditionals="84" methods="31" coveredmethods="23" elements="247" coveredelements="208" complexity="0" loc="122" ncloc="122" packages="4" files="5" classes="5"/>
    <package name="components">
      <metrics statements="26" coveredstatements="23" conditionals="21" coveredconditionals="19" methods="8" coveredmethods="7"/>
      <file name="Button.jsx" path="C:\Users\hp\Desktop\PLP FILES\week 6 testing\week-6-test-debug-assignment-sheemungai\client\src\components\Button.jsx">
        <metrics statements="10" coveredstatements="8" conditionals="10" coveredconditionals="8" methods="2" coveredmethods="2"/>
        <line num="18" count="1" type="stmt"/>
        <line num="28" count="12" type="stmt"/>
        <line num="37" count="12" type="stmt"/>
        <line num="38" count="1" type="cond" truecount="1" falsecount="1"/>
        <line num="39" count="0" type="stmt"/>
        <line num="40" count="0" type="stmt"/>
        <line num="43" count="1" type="cond" truecount="1" falsecount="1"/>
        <line num="44" count="1" type="stmt"/>
        <line num="48" count="12" type="stmt"/>
        <line num="60" count="1" type="stmt"/>
      </file>
      <file name="ErrorBoundary.jsx" path="C:\Users\hp\Desktop\PLP FILES\week 6 testing\week-6-test-debug-assignment-sheemungai\client\src\components\ErrorBoundary.jsx">
        <metrics statements="16" coveredstatements="15" conditionals="11" coveredconditionals="11" methods="6" coveredmethods="5"/>
        <line num="11" count="18" type="stmt"/>
        <line num="12" count="17" type="stmt"/>
        <line num="21" count="18" type="stmt"/>
        <line num="26" count="9" type="stmt"/>
        <line num="32" count="9" type="stmt"/>
        <line num="35" count="9" type="cond" truecount="2" falsecount="0"/>
        <line num="36" count="1" type="stmt"/>
        <line num="41" count="47" type="cond" truecount="2" falsecount="0"/>
        <line num="43" count="28" type="cond" truecount="2" falsecount="0"/>
        <line num="44" count="3" type="stmt"/>
        <line num="48" count="25" type="stmt"/>
        <line num="65" count="1" type="stmt"/>
        <line num="73" count="0" type="stmt"/>
        <line num="84" count="19" type="stmt"/>
        <line num="88" count="1" type="stmt"/>
        <line num="95" count="1" type="stmt"/>
      </file>
    </package>
    <package name="hooks">
      <metrics statements="21" coveredstatements="21" conditionals="7" coveredconditionals="7" methods="3" coveredmethods="3"/>
      <file name="useApi.js" path="C:\Users\hp\Desktop\PLP FILES\week 6 testing\week-6-test-debug-assignment-sheemungai\client\src\hooks\useApi.js">
        <metrics statements="21" coveredstatements="21" conditionals="7" coveredconditionals="7" methods="3" coveredmethods="3"/>
        <line num="12" count="1" type="cond" truecount="2" falsecount="0"/>
        <line num="13" count="883" type="stmt"/>
        <line num="14" count="883" type="stmt"/>
        <line num="15" count="883" type="stmt"/>
        <line num="17" count="883" type="stmt"/>
        <line num="19" count="589" type="stmt"/>
        <line num="20" count="589" type="stmt"/>
        <line num="21" count="589" type="stmt"/>
        <line num="23" count="589" type="stmt"/>
        <line num="33" count="587" type="cond" truecount="2" falsecount="0"/>
        <line num="34" count="1" type="stmt"/>
        <line num="37" count="5" type="stmt"/>
        <line num="38" count="5" type="stmt"/>
        <line num="39" count="5" type="stmt"/>
        <line num="41" count="583" type="stmt"/>
        <line num="42" count="583" type="stmt"/>
        <line num="44" count="588" type="stmt"/>
        <line num="50" count="883" type="stmt"/>
        <line num="51" count="591" type="cond" truecount="2" falsecount="0"/>
        <line num="52" count="586" type="stmt"/>
        <line num="56" count="883" type="stmt"/>
      </file>
    </package>
    <package name="tests">
      <metrics statements="17" coveredstatements="0" conditionals="6" coveredconditionals="0" methods="7" coveredmethods="0"/>
      <file name="setup.js" path="C:\Users\hp\Desktop\PLP FILES\week 6 testing\week-6-test-debug-assignment-sheemungai\client\src\tests\setup.js">
        <metrics statements="17" coveredstatements="0" conditionals="6" coveredconditionals="0" methods="7" coveredmethods="0"/>
        <line num="6" count="0" type="stmt"/>
        <line num="9" count="0" type="stmt"/>
        <line num="11" count="0" type="stmt"/>
        <line num="24" count="0" type="stmt"/>
        <line num="31" count="0" type="stmt"/>
        <line num="38" count="0" type="stmt"/>
        <line num="39" count="0" type="stmt"/>
        <line num="40" count="0" type="stmt"/>
        <line num="41" count="0" type="cond" truecount="0" falsecount="2"/>
        <line num="45" count="0" type="stmt"/>
        <line num="47" count="0" type="stmt"/>
        <line num="51" count="0" type="stmt"/>
        <line num="52" count="0" type="stmt"/>
        <line num="56" count="0" type="stmt"/>
        <line num="57" count="0" type="stmt"/>
        <line num="60" count="0" type="cond" truecount="0" falsecount="2"/>
        <line num="61" count="0" type="stmt"/>
      </file>
    </package>
    <package name="utils">
      <metrics statements="58" coveredstatements="57" conditionals="60" coveredconditionals="58" methods="13" coveredmethods="13"/>
      <file name="helpers.js" path="C:\Users\hp\Desktop\PLP FILES\week 6 testing\week-6-test-debug-assignment-sheemungai\client\src\utils\helpers.js">
        <metrics statements="58" coveredstatements="57" conditionals="60" coveredconditionals="58" methods="13" coveredmethods="13"/>
        <line num="9" count="1" type="cond" truecount="1" falsecount="0"/>
        <line num="10" count="6" type="cond" truecount="2" falsecount="0"/>
        <line num="12" count="4" type="cond" truecount="2" falsecount="0"/>
        <line num="15" count="4" type="cond" truecount="2" falsecount="0"/>
        <line num="16" count="1" type="stmt"/>
        <line num="19" count="3" type="stmt"/>
        <line num="25" count="3" type="stmt"/>
        <line num="35" count="1" type="cond" truecount="2" falsecount="0"/>
        <line num="36" count="7" type="cond" truecount="4" falsecount="0"/>
        <line num="38" count="4" type="cond" truecount="2" falsecount="0"/>
        <line num="40" count="3" type="stmt"/>
        <line num="50" count="1" type="cond" truecount="1" falsecount="0"/>
        <line num="53" count="3" type="stmt"/>
        <line num="54" count="5" type="stmt"/>
        <line num="55" count="3" type="stmt"/>
        <line num="56" count="3" type="cond" truecount="2" falsecount="0"/>
        <line num="59" count="5" type="cond" truecount="2" falsecount="0"/>
        <line num="61" count="5" type="stmt"/>
        <line num="62" count="5" type="stmt"/>
        <line num="64" count="5" type="cond" truecount="2" falsecount="0"/>
        <line num="73" count="1" type="stmt"/>
        <line num="74" count="15" type="cond" truecount="4" falsecount="0"/>
        <line num="76" count="5" type="cond" truecount="2" falsecount="0"/>
        <line num="78" count="4" type="cond" truecount="2" falsecount="0"/>
        <line num="80" count="3" type="cond" truecount="1" falsecount="1"/>
        <line num="81" count="3" type="stmt"/>
        <line num="82" count="3" type="stmt"/>
        <line num="83" count="4" type="cond" truecount="1" falsecount="1"/>
        <line num="84" count="4" type="stmt"/>
        <line num="87" count="3" type="stmt"/>
        <line num="90" count="0" type="stmt"/>
        <line num="98" count="1" type="stmt"/>
        <line num="99" count="10" type="cond" truecount="4" falsecount="0"/>
        <line num="101" count="7" type="stmt"/>
        <line num="102" count="7" type="stmt"/>
        <line num="110" count="1" type="cond" truecount="1" falsecount="0"/>
        <line num="111" count="4" type="stmt"/>
        <line num="112" count="4" type="stmt"/>
        <line num="114" count="4" type="stmt"/>
        <line num="115" count="36" type="stmt"/>
        <line num="118" count="4" type="stmt"/>
        <line num="126" count="1" type="stmt"/>
        <line num="127" count="8" type="cond" truecount="4" falsecount="0"/>
        <line num="129" count="4" type="stmt"/>
        <line num="137" count="1" type="stmt"/>
        <line num="138" count="8" type="cond" truecount="4" falsecount="0"/>
        <line num="140" count="4" type="stmt"/>
        <line num="148" count="1" type="stmt"/>
        <line num="149" count="7" type="cond" truecount="3" falsecount="0"/>
        <line num="159" count="1" type="cond" truecount="1" falsecount="0"/>
        <line num="160" count="8" type="cond" truecount="4" falsecount="0"/>
        <line num="162" count="4" type="stmt"/>
        <line num="163" count="4" type="stmt"/>
        <line num="165" count="4" type="stmt"/>
        <line num="166" count="10" type="cond" truecount="5" falsecount="0"/>
        <line num="167" count="2" type="stmt"/>
        <line num="169" count="8" type="stmt"/>
        <line num="172" count="2" type="stmt"/>
      </file>
    </package>
  </project>
</coverage>
