{"C:\\Users\\hp\\Desktop\\PLP FILES\\week 6 testing\\week-6-test-debug-assignment-sheemungai\\client\\src\\components\\Button.jsx": {"path":"C:\\Users\\hp\\Desktop\\PLP FILES\\week 6 testing\\week-6-test-debug-assignment-sheemungai\\client\\src\\components\\Button.jsx","statementMap":{"0":{"start":{"line":18,"column":15},"end":{"line":58,"column":1}},"1":{"start":{"line":28,"column":18},"end":{"line":34,"column":29}},"2":{"start":{"line":37,"column":22},"end":{"line":46,"column":3}},"3":{"start":{"line":38,"column":4},"end":{"line":41,"column":5}},"4":{"start":{"line":39,"column":6},"end":{"line":39,"column":29}},"5":{"start":{"line":40,"column":6},"end":{"line":40,"column":13}},"6":{"start":{"line":43,"column":4},"end":{"line":45,"column":5}},"7":{"start":{"line":44,"column":6},"end":{"line":44,"column":21}},"8":{"start":{"line":48,"column":2},"end":{"line":57,"column":4}},"9":{"start":{"line":60,"column":0},"end":{"line":67,"column":2}}},"fnMap":{"0":{"name":"(anonymous_0)","decl":{"start":{"line":18,"column":15},"end":{"line":18,"column":16}},"loc":{"start":{"line":26,"column":6},"end":{"line":58,"column":1}},"line":26},"1":{"name":"(anonymous_1)","decl":{"start":{"line":37,"column":22},"end":{"line":37,"column":23}},"loc":{"start":{"line":37,"column":33},"end":{"line":46,"column":3}},"line":37}},"branchMap":{"0":{"loc":{"start":{"line":20,"column":2},"end":{"line":20,"column":21}},"type":"default-arg","locations":[{"start":{"line":20,"column":12},"end":{"line":20,"column":21}}],"line":20},"1":{"loc":{"start":{"line":21,"column":2},"end":{"line":21,"column":13}},"type":"default-arg","locations":[{"start":{"line":21,"column":9},"end":{"line":21,"column":13}}],"line":21},"2":{"loc":{"start":{"line":22,"column":2},"end":{"line":22,"column":18}},"type":"default-arg","locations":[{"start":{"line":22,"column":13},"end":{"line":22,"column":18}}],"line":22},"3":{"loc":{"start":{"line":24,"column":2},"end":{"line":24,"column":16}},"type":"default-arg","locations":[{"start":{"line":24,"column":14},"end":{"line":24,"column":16}}],"line":24},"4":{"loc":{"start":{"line":32,"column":4},"end":{"line":32,"column":34}},"type":"cond-expr","locations":[{"start":{"line":32,"column":15},"end":{"line":32,"column":29}},{"start":{"line":32,"column":32},"end":{"line":32,"column":34}}],"line":32},"5":{"loc":{"start":{"line":38,"column":4},"end":{"line":41,"column":5}},"type":"if","locations":[{"start":{"line":38,"column":4},"end":{"line":41,"column":5}},{"start":{},"end":{}}],"line":38},"6":{"loc":{"start":{"line":43,"column":4},"end":{"line":45,"column":5}},"type":"if","locations":[{"start":{"line":43,"column":4},"end":{"line":45,"column":5}},{"start":{},"end":{}}],"line":43}},"s":{"0":1,"1":12,"2":12,"3":1,"4":0,"5":0,"6":1,"7":1,"8":12,"9":1},"f":{"0":12,"1":1},"b":{"0":[9],"1":[9],"2":[10],"3":[11],"4":[2,10],"5":[0,1],"6":[1,0]},"_coverageSchema":"1a1c01bbd47fc00a2c39e90264f33305004495a9","hash":"832a7ecbd20b8a053ec5d6d292e074f0ac925554"}
,"C:\\Users\\hp\\Desktop\\PLP FILES\\week 6 testing\\week-6-test-debug-assignment-sheemungai\\client\\src\\components\\ErrorBoundary.jsx": {"path":"C:\\Users\\hp\\Desktop\\PLP FILES\\week 6 testing\\week-6-test-debug-assignment-sheemungai\\client\\src\\components\\ErrorBoundary.jsx","statementMap":{"0":{"start":{"line":11,"column":4},"end":{"line":11,"column":17}},"1":{"start":{"line":12,"column":4},"end":{"line":16,"column":6}},"2":{"start":{"line":21,"column":4},"end":{"line":21,"column":30}},"3":{"start":{"line":26,"column":4},"end":{"line":29,"column":7}},"4":{"start":{"line":32,"column":4},"end":{"line":32,"column":70}},"5":{"start":{"line":35,"column":4},"end":{"line":37,"column":5}},"6":{"start":{"line":36,"column":6},"end":{"line":36,"column":43}},"7":{"start":{"line":41,"column":4},"end":{"line":82,"column":5}},"8":{"start":{"line":43,"column":6},"end":{"line":45,"column":7}},"9":{"start":{"line":44,"column":8},"end":{"line":44,"column":35}},"10":{"start":{"line":48,"column":6},"end":{"line":81,"column":8}},"11":{"start":{"line":65,"column":18},"end":{"line":65,"column":83}},"12":{"start":{"line":73,"column":31},"end":{"line":73,"column":55}},"13":{"start":{"line":84,"column":4},"end":{"line":84,"column":31}},"14":{"start":{"line":88,"column":0},"end":{"line":93,"column":2}},"15":{"start":{"line":95,"column":0},"end":{"line":97,"column":2}}},"fnMap":{"0":{"name":"(anonymous_0)","decl":{"start":{"line":10,"column":2},"end":{"line":10,"column":3}},"loc":{"start":{"line":10,"column":21},"end":{"line":17,"column":3}},"line":10},"1":{"name":"(anonymous_1)","decl":{"start":{"line":19,"column":2},"end":{"line":19,"column":3}},"loc":{"start":{"line":19,"column":41},"end":{"line":22,"column":3}},"line":19},"2":{"name":"(anonymous_2)","decl":{"start":{"line":24,"column":2},"end":{"line":24,"column":3}},"loc":{"start":{"line":24,"column":38},"end":{"line":38,"column":3}},"line":24},"3":{"name":"(anonymous_3)","decl":{"start":{"line":40,"column":2},"end":{"line":40,"column":3}},"loc":{"start":{"line":40,"column":11},"end":{"line":85,"column":3}},"line":40},"4":{"name":"(anonymous_4)","decl":{"start":{"line":64,"column":25},"end":{"line":64,"column":26}},"loc":{"start":{"line":64,"column":31},"end":{"line":66,"column":17}},"line":64},"5":{"name":"(anonymous_5)","decl":{"start":{"line":73,"column":25},"end":{"line":73,"column":26}},"loc":{"start":{"line":73,"column":31},"end":{"line":73,"column":55}},"line":73}},"branchMap":{"0":{"loc":{"start":{"line":35,"column":4},"end":{"line":37,"column":5}},"type":"if","locations":[{"start":{"line":35,"column":4},"end":{"line":37,"column":5}},{"start":{},"end":{}}],"line":35},"1":{"loc":{"start":{"line":41,"column":4},"end":{"line":82,"column":5}},"type":"if","locations":[{"start":{"line":41,"column":4},"end":{"line":82,"column":5}},{"start":{},"end":{}}],"line":41},"2":{"loc":{"start":{"line":43,"column":6},"end":{"line":45,"column":7}},"type":"if","locations":[{"start":{"line":43,"column":6},"end":{"line":45,"column":7}},{"start":{},"end":{}}],"line":43},"3":{"loc":{"start":{"line":54,"column":13},"end":{"line":60,"column":13}},"type":"binary-expr","locations":[{"start":{"line":54,"column":13},"end":{"line":54,"column":35}},{"start":{"line":54,"column":39},"end":{"line":54,"column":55}},{"start":{"line":55,"column":14},"end":{"line":59,"column":24}}],"line":54},"4":{"loc":{"start":{"line":57,"column":22},"end":{"line":57,"column":69}},"type":"binary-expr","locations":[{"start":{"line":57,"column":22},"end":{"line":57,"column":38}},{"start":{"line":57,"column":42},"end":{"line":57,"column":69}}],"line":57}},"s":{"0":18,"1":17,"2":18,"3":9,"4":9,"5":9,"6":1,"7":47,"8":28,"9":3,"10":25,"11":1,"12":0,"13":19,"14":1,"15":1},"f":{"0":18,"1":18,"2":9,"3":47,"4":1,"5":0},"b":{"0":[1,8],"1":[28,19],"2":[3,25],"3":[25,3,1],"4":[1,1]},"_coverageSchema":"1a1c01bbd47fc00a2c39e90264f33305004495a9","hash":"e301c2de4c68c29d8b80e0dcfff089d5394e7e19"}
,"C:\\Users\\hp\\Desktop\\PLP FILES\\week 6 testing\\week-6-test-debug-assignment-sheemungai\\client\\src\\hooks\\useApi.js": {"path":"C:\\Users\\hp\\Desktop\\PLP FILES\\week 6 testing\\week-6-test-debug-assignment-sheemungai\\client\\src\\hooks\\useApi.js","statementMap":{"0":{"start":{"line":12,"column":22},"end":{"line":63,"column":1}},"1":{"start":{"line":13,"column":26},"end":{"line":13,"column":40}},"2":{"start":{"line":14,"column":32},"end":{"line":14,"column":47}},"3":{"start":{"line":15,"column":28},"end":{"line":15,"column":42}},"4":{"start":{"line":17,"column":18},"end":{"line":48,"column":3}},"5":{"start":{"line":19,"column":6},"end":{"line":45,"column":7}},"6":{"start":{"line":20,"column":8},"end":{"line":20,"column":25}},"7":{"start":{"line":21,"column":8},"end":{"line":21,"column":23}},"8":{"start":{"line":23,"column":25},"end":{"line":31,"column":10}},"9":{"start":{"line":33,"column":8},"end":{"line":35,"column":9}},"10":{"start":{"line":34,"column":10},"end":{"line":34,"column":68}},"11":{"start":{"line":37,"column":23},"end":{"line":37,"column":44}},"12":{"start":{"line":38,"column":8},"end":{"line":38,"column":24}},"13":{"start":{"line":39,"column":8},"end":{"line":39,"column":22}},"14":{"start":{"line":41,"column":8},"end":{"line":41,"column":30}},"15":{"start":{"line":42,"column":8},"end":{"line":42,"column":18}},"16":{"start":{"line":44,"column":8},"end":{"line":44,"column":26}},"17":{"start":{"line":50,"column":2},"end":{"line":54,"column":27}},"18":{"start":{"line":51,"column":4},"end":{"line":53,"column":5}},"19":{"start":{"line":52,"column":6},"end":{"line":52,"column":16}},"20":{"start":{"line":56,"column":2},"end":{"line":62,"column":4}}},"fnMap":{"0":{"name":"(anonymous_0)","decl":{"start":{"line":12,"column":22},"end":{"line":12,"column":23}},"loc":{"start":{"line":12,"column":63},"end":{"line":63,"column":1}},"line":12},"1":{"name":"(anonymous_1)","decl":{"start":{"line":18,"column":4},"end":{"line":18,"column":5}},"loc":{"start":{"line":18,"column":36},"end":{"line":46,"column":5}},"line":18},"2":{"name":"(anonymous_2)","decl":{"start":{"line":50,"column":12},"end":{"line":50,"column":13}},"loc":{"start":{"line":50,"column":18},"end":{"line":54,"column":3}},"line":50}},"branchMap":{"0":{"loc":{"start":{"line":12,"column":28},"end":{"line":12,"column":40}},"type":"default-arg","locations":[{"start":{"line":12,"column":38},"end":{"line":12,"column":40}}],"line":12},"1":{"loc":{"start":{"line":12,"column":42},"end":{"line":12,"column":58}},"type":"default-arg","locations":[{"start":{"line":12,"column":54},"end":{"line":12,"column":58}}],"line":12},"2":{"loc":{"start":{"line":18,"column":11},"end":{"line":18,"column":31}},"type":"default-arg","locations":[{"start":{"line":18,"column":29},"end":{"line":18,"column":31}}],"line":18},"3":{"loc":{"start":{"line":33,"column":8},"end":{"line":35,"column":9}},"type":"if","locations":[{"start":{"line":33,"column":8},"end":{"line":35,"column":9}},{"start":{},"end":{}}],"line":33},"4":{"loc":{"start":{"line":51,"column":4},"end":{"line":53,"column":5}},"type":"if","locations":[{"start":{"line":51,"column":4},"end":{"line":53,"column":5}},{"start":{},"end":{}}],"line":51}},"s":{"0":1,"1":883,"2":883,"3":883,"4":883,"5":589,"6":589,"7":589,"8":589,"9":587,"10":1,"11":5,"12":5,"13":5,"14":583,"15":583,"16":588,"17":883,"18":591,"19":586,"20":883},"f":{"0":883,"1":589,"2":591},"b":{"0":[878],"1":[878],"2":[588],"3":[1,5],"4":[586,5]},"_coverageSchema":"1a1c01bbd47fc00a2c39e90264f33305004495a9","hash":"147eef29b8a1e66e4a2ed428e266f2311932038a"}
,"C:\\Users\\hp\\Desktop\\PLP FILES\\week 6 testing\\week-6-test-debug-assignment-sheemungai\\client\\src\\tests\\setup.js": {"path":"C:\\Users\\hp\\Desktop\\PLP FILES\\week 6 testing\\week-6-test-debug-assignment-sheemungai\\client\\src\\tests\\setup.js","statementMap":{"0":{"start":{"line":6,"column":0},"end":{"line":6,"column":25}},"1":{"start":{"line":9,"column":0},"end":{"line":21,"column":3}},"2":{"start":{"line":11,"column":48},"end":{"line":20,"column":3}},"3":{"start":{"line":24,"column":0},"end":{"line":28,"column":4}},"4":{"start":{"line":24,"column":66},"end":{"line":28,"column":1}},"5":{"start":{"line":31,"column":0},"end":{"line":35,"column":4}},"6":{"start":{"line":31,"column":60},"end":{"line":35,"column":1}},"7":{"start":{"line":38,"column":22},"end":{"line":38,"column":35}},"8":{"start":{"line":39,"column":0},"end":{"line":49,"column":3}},"9":{"start":{"line":40,"column":2},"end":{"line":48,"column":4}},"10":{"start":{"line":41,"column":4},"end":{"line":46,"column":5}},"11":{"start":{"line":45,"column":6},"end":{"line":45,"column":13}},"12":{"start":{"line":47,"column":4},"end":{"line":47,"column":41}},"13":{"start":{"line":51,"column":0},"end":{"line":53,"column":3}},"14":{"start":{"line":52,"column":2},"end":{"line":52,"column":32}},"15":{"start":{"line":56,"column":0},"end":{"line":63,"column":3}},"16":{"start":{"line":57,"column":2},"end":{"line":57,"column":23}},"17":{"start":{"line":60,"column":2},"end":{"line":62,"column":3}},"18":{"start":{"line":61,"column":4},"end":{"line":61,"column":29}}},"fnMap":{"0":{"name":"(anonymous_0)","decl":{"start":{"line":11,"column":38},"end":{"line":11,"column":39}},"loc":{"start":{"line":11,"column":48},"end":{"line":20,"column":3}},"line":11},"1":{"name":"(anonymous_1)","decl":{"start":{"line":24,"column":59},"end":{"line":24,"column":60}},"loc":{"start":{"line":24,"column":66},"end":{"line":28,"column":1}},"line":24},"2":{"name":"(anonymous_2)","decl":{"start":{"line":31,"column":53},"end":{"line":31,"column":54}},"loc":{"start":{"line":31,"column":60},"end":{"line":35,"column":1}},"line":31},"3":{"name":"(anonymous_3)","decl":{"start":{"line":39,"column":10},"end":{"line":39,"column":11}},"loc":{"start":{"line":39,"column":16},"end":{"line":49,"column":1}},"line":39},"4":{"name":"(anonymous_4)","decl":{"start":{"line":40,"column":18},"end":{"line":40,"column":19}},"loc":{"start":{"line":40,"column":31},"end":{"line":48,"column":3}},"line":40},"5":{"name":"(anonymous_5)","decl":{"start":{"line":51,"column":9},"end":{"line":51,"column":10}},"loc":{"start":{"line":51,"column":15},"end":{"line":53,"column":1}},"line":51},"6":{"name":"(anonymous_6)","decl":{"start":{"line":56,"column":10},"end":{"line":56,"column":11}},"loc":{"start":{"line":56,"column":16},"end":{"line":63,"column":1}},"line":56}},"branchMap":{"0":{"loc":{"start":{"line":41,"column":4},"end":{"line":46,"column":5}},"type":"if","locations":[{"start":{"line":41,"column":4},"end":{"line":46,"column":5}},{"start":{},"end":{}}],"line":41},"1":{"loc":{"start":{"line":42,"column":6},"end":{"line":43,"column":73}},"type":"binary-expr","locations":[{"start":{"line":42,"column":6},"end":{"line":42,"column":33}},{"start":{"line":43,"column":6},"end":{"line":43,"column":73}}],"line":42},"2":{"loc":{"start":{"line":60,"column":2},"end":{"line":62,"column":3}},"type":"if","locations":[{"start":{"line":60,"column":2},"end":{"line":62,"column":3}},{"start":{},"end":{}}],"line":60}},"s":{"0":0,"1":0,"2":0,"3":0,"4":0,"5":0,"6":0,"7":0,"8":0,"9":0,"10":0,"11":0,"12":0,"13":0,"14":0,"15":0,"16":0,"17":0,"18":0},"f":{"0":0,"1":0,"2":0,"3":0,"4":0,"5":0,"6":0},"b":{"0":[0,0],"1":[0,0],"2":[0,0]}}
,"C:\\Users\\hp\\Desktop\\PLP FILES\\week 6 testing\\week-6-test-debug-assignment-sheemungai\\client\\src\\utils\\helpers.js": {"path":"C:\\Users\\hp\\Desktop\\PLP FILES\\week 6 testing\\week-6-test-debug-assignment-sheemungai\\client\\src\\utils\\helpers.js","statementMap":{"0":{"start":{"line":9,"column":26},"end":{"line":26,"column":1}},"1":{"start":{"line":10,"column":2},"end":{"line":10,"column":23}},"2":{"start":{"line":10,"column":13},"end":{"line":10,"column":23}},"3":{"start":{"line":12,"column":18},"end":{"line":12,"column":62}},"4":{"start":{"line":15,"column":2},"end":{"line":17,"column":3}},"5":{"start":{"line":16,"column":4},"end":{"line":16,"column":26}},"6":{"start":{"line":19,"column":25},"end":{"line":23,"column":3}},"7":{"start":{"line":25,"column":2},"end":{"line":25,"column":80}},"8":{"start":{"line":35,"column":28},"end":{"line":41,"column":1}},"9":{"start":{"line":36,"column":2},"end":{"line":36,"column":51}},"10":{"start":{"line":36,"column":41},"end":{"line":36,"column":51}},"11":{"start":{"line":38,"column":2},"end":{"line":38,"column":41}},"12":{"start":{"line":38,"column":29},"end":{"line":38,"column":41}},"13":{"start":{"line":40,"column":2},"end":{"line":40,"column":51}},"14":{"start":{"line":50,"column":24},"end":{"line":66,"column":1}},"15":{"start":{"line":53,"column":2},"end":{"line":65,"column":4}},"16":{"start":{"line":54,"column":18},"end":{"line":57,"column":5}},"17":{"start":{"line":55,"column":6},"end":{"line":55,"column":21}},"18":{"start":{"line":56,"column":6},"end":{"line":56,"column":36}},"19":{"start":{"line":56,"column":22},"end":{"line":56,"column":36}},"20":{"start":{"line":59,"column":20},"end":{"line":59,"column":41}},"21":{"start":{"line":61,"column":4},"end":{"line":61,"column":26}},"22":{"start":{"line":62,"column":4},"end":{"line":62,"column":38}},"23":{"start":{"line":64,"column":4},"end":{"line":64,"column":31}},"24":{"start":{"line":64,"column":17},"end":{"line":64,"column":31}},"25":{"start":{"line":73,"column":25},"end":{"line":91,"column":1}},"26":{"start":{"line":74,"column":2},"end":{"line":74,"column":58}},"27":{"start":{"line":74,"column":47},"end":{"line":74,"column":58}},"28":{"start":{"line":76,"column":2},"end":{"line":76,"column":58}},"29":{"start":{"line":76,"column":27},"end":{"line":76,"column":58}},"30":{"start":{"line":78,"column":2},"end":{"line":78,"column":68}},"31":{"start":{"line":78,"column":28},"end":{"line":78,"column":68}},"32":{"start":{"line":78,"column":51},"end":{"line":78,"column":66}},"33":{"start":{"line":80,"column":2},"end":{"line":88,"column":3}},"34":{"start":{"line":81,"column":22},"end":{"line":81,"column":24}},"35":{"start":{"line":82,"column":4},"end":{"line":86,"column":5}},"36":{"start":{"line":83,"column":6},"end":{"line":85,"column":7}},"37":{"start":{"line":84,"column":8},"end":{"line":84,"column":45}},"38":{"start":{"line":87,"column":4},"end":{"line":87,"column":21}},"39":{"start":{"line":90,"column":2},"end":{"line":90,"column":13}},"40":{"start":{"line":98,"column":28},"end":{"line":103,"column":1}},"41":{"start":{"line":99,"column":2},"end":{"line":99,"column":56}},"42":{"start":{"line":99,"column":43},"end":{"line":99,"column":56}},"43":{"start":{"line":101,"column":21},"end":{"line":101,"column":49}},"44":{"start":{"line":102,"column":2},"end":{"line":102,"column":32}},"45":{"start":{"line":110,"column":26},"end":{"line":119,"column":1}},"46":{"start":{"line":111,"column":16},"end":{"line":111,"column":80}},"47":{"start":{"line":112,"column":15},"end":{"line":112,"column":17}},"48":{"start":{"line":114,"column":2},"end":{"line":116,"column":3}},"49":{"start":{"line":114,"column":15},"end":{"line":114,"column":16}},"50":{"start":{"line":115,"column":4},"end":{"line":115,"column":69}},"51":{"start":{"line":118,"column":2},"end":{"line":118,"column":16}},"52":{"start":{"line":126,"column":26},"end":{"line":130,"column":1}},"53":{"start":{"line":127,"column":2},"end":{"line":127,"column":49}},"54":{"start":{"line":127,"column":39},"end":{"line":127,"column":49}},"55":{"start":{"line":129,"column":2},"end":{"line":129,"column":66}},"56":{"start":{"line":137,"column":28},"end":{"line":141,"column":1}},"57":{"start":{"line":138,"column":2},"end":{"line":138,"column":56}},"58":{"start":{"line":138,"column":45},"end":{"line":138,"column":56}},"59":{"start":{"line":140,"column":2},"end":{"line":140,"column":30}},"60":{"start":{"line":148,"column":23},"end":{"line":150,"column":1}},"61":{"start":{"line":149,"column":2},"end":{"line":149,"column":70}},"62":{"start":{"line":159,"column":33},"end":{"line":173,"column":1}},"63":{"start":{"line":160,"column":2},"end":{"line":160,"column":41}},"64":{"start":{"line":160,"column":21},"end":{"line":160,"column":41}},"65":{"start":{"line":162,"column":15},"end":{"line":162,"column":30}},"66":{"start":{"line":163,"column":16},"end":{"line":163,"column":19}},"67":{"start":{"line":165,"column":2},"end":{"line":170,"column":3}},"68":{"start":{"line":166,"column":4},"end":{"line":168,"column":5}},"69":{"start":{"line":167,"column":6},"end":{"line":167,"column":26}},"70":{"start":{"line":169,"column":4},"end":{"line":169,"column":27}},"71":{"start":{"line":172,"column":2},"end":{"line":172,"column":17}}},"fnMap":{"0":{"name":"(anonymous_0)","decl":{"start":{"line":9,"column":26},"end":{"line":9,"column":27}},"loc":{"start":{"line":9,"column":50},"end":{"line":26,"column":1}},"line":9},"1":{"name":"(anonymous_1)","decl":{"start":{"line":35,"column":28},"end":{"line":35,"column":29}},"loc":{"start":{"line":35,"column":68},"end":{"line":41,"column":1}},"line":35},"2":{"name":"(anonymous_2)","decl":{"start":{"line":50,"column":24},"end":{"line":50,"column":25}},"loc":{"start":{"line":50,"column":59},"end":{"line":66,"column":1}},"line":50},"3":{"name":"executedFunction","decl":{"start":{"line":53,"column":18},"end":{"line":53,"column":34}},"loc":{"start":{"line":53,"column":44},"end":{"line":65,"column":3}},"line":53},"4":{"name":"(anonymous_4)","decl":{"start":{"line":54,"column":18},"end":{"line":54,"column":19}},"loc":{"start":{"line":54,"column":24},"end":{"line":57,"column":5}},"line":54},"5":{"name":"(anonymous_5)","decl":{"start":{"line":73,"column":25},"end":{"line":73,"column":26}},"loc":{"start":{"line":73,"column":34},"end":{"line":91,"column":1}},"line":73},"6":{"name":"(anonymous_6)","decl":{"start":{"line":78,"column":43},"end":{"line":78,"column":44}},"loc":{"start":{"line":78,"column":51},"end":{"line":78,"column":66}},"line":78},"7":{"name":"(anonymous_7)","decl":{"start":{"line":98,"column":28},"end":{"line":98,"column":29}},"loc":{"start":{"line":98,"column":39},"end":{"line":103,"column":1}},"line":98},"8":{"name":"(anonymous_8)","decl":{"start":{"line":110,"column":26},"end":{"line":110,"column":27}},"loc":{"start":{"line":110,"column":42},"end":{"line":119,"column":1}},"line":110},"9":{"name":"(anonymous_9)","decl":{"start":{"line":126,"column":26},"end":{"line":126,"column":27}},"loc":{"start":{"line":126,"column":35},"end":{"line":130,"column":1}},"line":126},"10":{"name":"(anonymous_10)","decl":{"start":{"line":137,"column":28},"end":{"line":137,"column":29}},"loc":{"start":{"line":137,"column":37},"end":{"line":141,"column":1}},"line":137},"11":{"name":"(anonymous_11)","decl":{"start":{"line":148,"column":23},"end":{"line":148,"column":24}},"loc":{"start":{"line":148,"column":32},"end":{"line":150,"column":1}},"line":148},"12":{"name":"(anonymous_12)","decl":{"start":{"line":159,"column":33},"end":{"line":159,"column":34}},"loc":{"start":{"line":159,"column":69},"end":{"line":173,"column":1}},"line":159}},"branchMap":{"0":{"loc":{"start":{"line":9,"column":33},"end":{"line":9,"column":45}},"type":"default-arg","locations":[{"start":{"line":9,"column":43},"end":{"line":9,"column":45}}],"line":9},"1":{"loc":{"start":{"line":10,"column":2},"end":{"line":10,"column":23}},"type":"if","locations":[{"start":{"line":10,"column":2},"end":{"line":10,"column":23}},{"start":{},"end":{}}],"line":10},"2":{"loc":{"start":{"line":12,"column":18},"end":{"line":12,"column":62}},"type":"cond-expr","locations":[{"start":{"line":12,"column":41},"end":{"line":12,"column":45}},{"start":{"line":12,"column":48},"end":{"line":12,"column":62}}],"line":12},"3":{"loc":{"start":{"line":15,"column":2},"end":{"line":17,"column":3}},"type":"if","locations":[{"start":{"line":15,"column":2},"end":{"line":17,"column":3}},{"start":{},"end":{}}],"line":15},"4":{"loc":{"start":{"line":35,"column":35},"end":{"line":35,"column":47}},"type":"default-arg","locations":[{"start":{"line":35,"column":44},"end":{"line":35,"column":47}}],"line":35},"5":{"loc":{"start":{"line":35,"column":49},"end":{"line":35,"column":63}},"type":"default-arg","locations":[{"start":{"line":35,"column":58},"end":{"line":35,"column":63}}],"line":35},"6":{"loc":{"start":{"line":36,"column":2},"end":{"line":36,"column":51}},"type":"if","locations":[{"start":{"line":36,"column":2},"end":{"line":36,"column":51}},{"start":{},"end":{}}],"line":36},"7":{"loc":{"start":{"line":36,"column":6},"end":{"line":36,"column":39}},"type":"binary-expr","locations":[{"start":{"line":36,"column":6},"end":{"line":36,"column":11}},{"start":{"line":36,"column":15},"end":{"line":36,"column":39}}],"line":36},"8":{"loc":{"start":{"line":38,"column":2},"end":{"line":38,"column":41}},"type":"if","locations":[{"start":{"line":38,"column":2},"end":{"line":38,"column":41}},{"start":{},"end":{}}],"line":38},"9":{"loc":{"start":{"line":50,"column":37},"end":{"line":50,"column":54}},"type":"default-arg","locations":[{"start":{"line":50,"column":49},"end":{"line":50,"column":54}}],"line":50},"10":{"loc":{"start":{"line":56,"column":6},"end":{"line":56,"column":36}},"type":"if","locations":[{"start":{"line":56,"column":6},"end":{"line":56,"column":36}},{"start":{},"end":{}}],"line":56},"11":{"loc":{"start":{"line":59,"column":20},"end":{"line":59,"column":41}},"type":"binary-expr","locations":[{"start":{"line":59,"column":20},"end":{"line":59,"column":29}},{"start":{"line":59,"column":33},"end":{"line":59,"column":41}}],"line":59},"12":{"loc":{"start":{"line":64,"column":4},"end":{"line":64,"column":31}},"type":"if","locations":[{"start":{"line":64,"column":4},"end":{"line":64,"column":31}},{"start":{},"end":{}}],"line":64},"13":{"loc":{"start":{"line":74,"column":2},"end":{"line":74,"column":58}},"type":"if","locations":[{"start":{"line":74,"column":2},"end":{"line":74,"column":58}},{"start":{},"end":{}}],"line":74},"14":{"loc":{"start":{"line":74,"column":6},"end":{"line":74,"column":45}},"type":"binary-expr","locations":[{"start":{"line":74,"column":6},"end":{"line":74,"column":18}},{"start":{"line":74,"column":22},"end":{"line":74,"column":45}}],"line":74},"15":{"loc":{"start":{"line":76,"column":2},"end":{"line":76,"column":58}},"type":"if","locations":[{"start":{"line":76,"column":2},"end":{"line":76,"column":58}},{"start":{},"end":{}}],"line":76},"16":{"loc":{"start":{"line":78,"column":2},"end":{"line":78,"column":68}},"type":"if","locations":[{"start":{"line":78,"column":2},"end":{"line":78,"column":68}},{"start":{},"end":{}}],"line":78},"17":{"loc":{"start":{"line":80,"column":2},"end":{"line":88,"column":3}},"type":"if","locations":[{"start":{"line":80,"column":2},"end":{"line":88,"column":3}},{"start":{},"end":{}}],"line":80},"18":{"loc":{"start":{"line":83,"column":6},"end":{"line":85,"column":7}},"type":"if","locations":[{"start":{"line":83,"column":6},"end":{"line":85,"column":7}},{"start":{},"end":{}}],"line":83},"19":{"loc":{"start":{"line":99,"column":2},"end":{"line":99,"column":56}},"type":"if","locations":[{"start":{"line":99,"column":2},"end":{"line":99,"column":56}},{"start":{},"end":{}}],"line":99},"20":{"loc":{"start":{"line":99,"column":6},"end":{"line":99,"column":41}},"type":"binary-expr","locations":[{"start":{"line":99,"column":6},"end":{"line":99,"column":12}},{"start":{"line":99,"column":16},"end":{"line":99,"column":41}}],"line":99},"21":{"loc":{"start":{"line":110,"column":27},"end":{"line":110,"column":37}},"type":"default-arg","locations":[{"start":{"line":110,"column":36},"end":{"line":110,"column":37}}],"line":110},"22":{"loc":{"start":{"line":127,"column":2},"end":{"line":127,"column":49}},"type":"if","locations":[{"start":{"line":127,"column":2},"end":{"line":127,"column":49}},{"start":{},"end":{}}],"line":127},"23":{"loc":{"start":{"line":127,"column":6},"end":{"line":127,"column":37}},"type":"binary-expr","locations":[{"start":{"line":127,"column":6},"end":{"line":127,"column":10}},{"start":{"line":127,"column":14},"end":{"line":127,"column":37}}],"line":127},"24":{"loc":{"start":{"line":138,"column":2},"end":{"line":138,"column":56}},"type":"if","locations":[{"start":{"line":138,"column":2},"end":{"line":138,"column":56}},{"start":{},"end":{}}],"line":138},"25":{"loc":{"start":{"line":138,"column":6},"end":{"line":138,"column":43}},"type":"binary-expr","locations":[{"start":{"line":138,"column":6},"end":{"line":138,"column":29}},{"start":{"line":138,"column":33},"end":{"line":138,"column":43}}],"line":138},"26":{"loc":{"start":{"line":149,"column":9},"end":{"line":149,"column":69}},"type":"binary-expr","locations":[{"start":{"line":149,"column":9},"end":{"line":149,"column":13}},{"start":{"line":149,"column":18},"end":{"line":149,"column":41}},{"start":{"line":149,"column":45},"end":{"line":149,"column":68}}],"line":149},"27":{"loc":{"start":{"line":159,"column":45},"end":{"line":159,"column":64}},"type":"default-arg","locations":[{"start":{"line":159,"column":60},"end":{"line":159,"column":64}}],"line":159},"28":{"loc":{"start":{"line":160,"column":2},"end":{"line":160,"column":41}},"type":"if","locations":[{"start":{"line":160,"column":2},"end":{"line":160,"column":41}},{"start":{},"end":{}}],"line":160},"29":{"loc":{"start":{"line":160,"column":6},"end":{"line":160,"column":19}},"type":"binary-expr","locations":[{"start":{"line":160,"column":6},"end":{"line":160,"column":10}},{"start":{"line":160,"column":14},"end":{"line":160,"column":19}}],"line":160},"30":{"loc":{"start":{"line":166,"column":4},"end":{"line":168,"column":5}},"type":"if","locations":[{"start":{"line":166,"column":4},"end":{"line":168,"column":5}},{"start":{},"end":{}}],"line":166},"31":{"loc":{"start":{"line":166,"column":8},"end":{"line":166,"column":70}},"type":"binary-expr","locations":[{"start":{"line":166,"column":8},"end":{"line":166,"column":24}},{"start":{"line":166,"column":28},"end":{"line":166,"column":49}},{"start":{"line":166,"column":53},"end":{"line":166,"column":70}}],"line":166}},"s":{"0":1,"1":6,"2":2,"3":4,"4":4,"5":1,"6":3,"7":3,"8":1,"9":7,"10":3,"11":4,"12":1,"13":3,"14":1,"15":3,"16":5,"17":3,"18":3,"19":2,"20":5,"21":5,"22":5,"23":5,"24":1,"25":1,"26":15,"27":10,"28":5,"29":1,"30":4,"31":1,"32":3,"33":3,"34":3,"35":3,"36":4,"37":4,"38":3,"39":0,"40":1,"41":10,"42":3,"43":7,"44":7,"45":1,"46":4,"47":4,"48":4,"49":4,"50":36,"51":4,"52":1,"53":8,"54":4,"55":4,"56":1,"57":8,"58":4,"59":4,"60":1,"61":7,"62":1,"63":8,"64":4,"65":4,"66":4,"67":4,"68":10,"69":2,"70":8,"71":2},"f":{"0":6,"1":7,"2":3,"3":5,"4":3,"5":15,"6":3,"7":10,"8":4,"9":8,"10":8,"11":7,"12":8},"b":{"0":[5],"1":[2,4],"2":[2,2],"3":[1,3],"4":[3],"5":[6],"6":[3,4],"7":[7,5],"8":[1,3],"9":[2],"10":[2,1],"11":[5,1],"12":[1,4],"13":[10,5],"14":[15,14],"15":[1,4],"16":[1,3],"17":[3,0],"18":[4,0],"19":[3,7],"20":[10,8],"21":[3],"22":[4,4],"23":[8,5],"24":[4,4],"25":[8,5],"26":[7,4,4],"27":[7],"28":[4,4],"29":[8,6],"30":[2,8],"31":[10,10,10]},"_coverageSchema":"1a1c01bbd47fc00a2c39e90264f33305004495a9","hash":"932a7e3ca72e9e7eb375f05cd6fbcfbe104f2b13"}
}
