TN:
SF:src\components\Button.jsx
FN:18,(anonymous_0)
FN:37,(anonymous_1)
FNF:2
FNH:2
FNDA:12,(anonymous_0)
FNDA:1,(anonymous_1)
DA:18,1
DA:28,12
DA:37,12
DA:38,1
DA:39,0
DA:40,0
DA:43,1
DA:44,1
DA:48,12
DA:60,1
LF:10
LH:8
BRDA:20,0,0,9
BRDA:21,1,0,9
BRDA:22,2,0,10
BRDA:24,3,0,11
BRDA:32,4,0,2
BRDA:32,4,1,10
BRDA:38,5,0,0
BRDA:38,5,1,1
BRDA:43,6,0,1
BRDA:43,6,1,0
BRF:10
BRH:8
end_of_record
TN:
SF:src\components\ErrorBoundary.jsx
FN:10,(anonymous_0)
FN:19,(anonymous_1)
FN:24,(anonymous_2)
FN:40,(anonymous_3)
FN:64,(anonymous_4)
FN:73,(anonymous_5)
FNF:6
FNH:5
FNDA:18,(anonymous_0)
FNDA:18,(anonymous_1)
FNDA:9,(anonymous_2)
FNDA:47,(anonymous_3)
FNDA:1,(anonymous_4)
FNDA:0,(anonymous_5)
DA:11,18
DA:12,17
DA:21,18
DA:26,9
DA:32,9
DA:35,9
DA:36,1
DA:41,47
DA:43,28
DA:44,3
DA:48,25
DA:65,1
DA:73,0
DA:84,19
DA:88,1
DA:95,1
LF:16
LH:15
BRDA:35,0,0,1
BRDA:35,0,1,8
BRDA:41,1,0,28
BRDA:41,1,1,19
BRDA:43,2,0,3
BRDA:43,2,1,25
BRDA:54,3,0,25
BRDA:54,3,1,3
BRDA:54,3,2,1
BRDA:57,4,0,1
BRDA:57,4,1,1
BRF:11
BRH:11
end_of_record
TN:
SF:src\hooks\useApi.js
FN:12,(anonymous_0)
FN:18,(anonymous_1)
FN:50,(anonymous_2)
FNF:3
FNH:3
FNDA:883,(anonymous_0)
FNDA:589,(anonymous_1)
FNDA:591,(anonymous_2)
DA:12,1
DA:13,883
DA:14,883
DA:15,883
DA:17,883
DA:19,589
DA:20,589
DA:21,589
DA:23,589
DA:33,587
DA:34,1
DA:37,5
DA:38,5
DA:39,5
DA:41,583
DA:42,583
DA:44,588
DA:50,883
DA:51,591
DA:52,586
DA:56,883
LF:21
LH:21
BRDA:12,0,0,878
BRDA:12,1,0,878
BRDA:18,2,0,588
BRDA:33,3,0,1
BRDA:33,3,1,5
BRDA:51,4,0,586
BRDA:51,4,1,5
BRF:7
BRH:7
end_of_record
TN:
SF:src\tests\setup.js
FN:11,(anonymous_0)
FN:24,(anonymous_1)
FN:31,(anonymous_2)
FN:39,(anonymous_3)
FN:40,(anonymous_4)
FN:51,(anonymous_5)
FN:56,(anonymous_6)
FNF:7
FNH:0
FNDA:0,(anonymous_0)
FNDA:0,(anonymous_1)
FNDA:0,(anonymous_2)
FNDA:0,(anonymous_3)
FNDA:0,(anonymous_4)
FNDA:0,(anonymous_5)
FNDA:0,(anonymous_6)
DA:6,0
DA:9,0
DA:11,0
DA:24,0
DA:31,0
DA:38,0
DA:39,0
DA:40,0
DA:41,0
DA:45,0
DA:47,0
DA:51,0
DA:52,0
DA:56,0
DA:57,0
DA:60,0
DA:61,0
LF:17
LH:0
BRDA:41,0,0,0
BRDA:41,0,1,0
BRDA:42,1,0,0
BRDA:42,1,1,0
BRDA:60,2,0,0
BRDA:60,2,1,0
BRF:6
BRH:0
end_of_record
TN:
SF:src\utils\helpers.js
FN:9,(anonymous_0)
FN:35,(anonymous_1)
FN:50,(anonymous_2)
FN:53,executedFunction
FN:54,(anonymous_4)
FN:73,(anonymous_5)
FN:78,(anonymous_6)
FN:98,(anonymous_7)
FN:110,(anonymous_8)
FN:126,(anonymous_9)
FN:137,(anonymous_10)
FN:148,(anonymous_11)
FN:159,(anonymous_12)
FNF:13
FNH:13
FNDA:6,(anonymous_0)
FNDA:7,(anonymous_1)
FNDA:3,(anonymous_2)
FNDA:5,executedFunction
FNDA:3,(anonymous_4)
FNDA:15,(anonymous_5)
FNDA:3,(anonymous_6)
FNDA:10,(anonymous_7)
FNDA:4,(anonymous_8)
FNDA:8,(anonymous_9)
FNDA:8,(anonymous_10)
FNDA:7,(anonymous_11)
FNDA:8,(anonymous_12)
DA:9,1
DA:10,6
DA:12,4
DA:15,4
DA:16,1
DA:19,3
DA:25,3
DA:35,1
DA:36,7
DA:38,4
DA:40,3
DA:50,1
DA:53,3
DA:54,5
DA:55,3
DA:56,3
DA:59,5
DA:61,5
DA:62,5
DA:64,5
DA:73,1
DA:74,15
DA:76,5
DA:78,4
DA:80,3
DA:81,3
DA:82,3
DA:83,4
DA:84,4
DA:87,3
DA:90,0
DA:98,1
DA:99,10
DA:101,7
DA:102,7
DA:110,1
DA:111,4
DA:112,4
DA:114,4
DA:115,36
DA:118,4
DA:126,1
DA:127,8
DA:129,4
DA:137,1
DA:138,8
DA:140,4
DA:148,1
DA:149,7
DA:159,1
DA:160,8
DA:162,4
DA:163,4
DA:165,4
DA:166,10
DA:167,2
DA:169,8
DA:172,2
LF:58
LH:57
BRDA:9,0,0,5
BRDA:10,1,0,2
BRDA:10,1,1,4
BRDA:12,2,0,2
BRDA:12,2,1,2
BRDA:15,3,0,1
BRDA:15,3,1,3
BRDA:35,4,0,3
BRDA:35,5,0,6
BRDA:36,6,0,3
BRDA:36,6,1,4
BRDA:36,7,0,7
BRDA:36,7,1,5
BRDA:38,8,0,1
BRDA:38,8,1,3
BRDA:50,9,0,2
BRDA:56,10,0,2
BRDA:56,10,1,1
BRDA:59,11,0,5
BRDA:59,11,1,1
BRDA:64,12,0,1
BRDA:64,12,1,4
BRDA:74,13,0,10
BRDA:74,13,1,5
BRDA:74,14,0,15
BRDA:74,14,1,14
BRDA:76,15,0,1
BRDA:76,15,1,4
BRDA:78,16,0,1
BRDA:78,16,1,3
BRDA:80,17,0,3
BRDA:80,17,1,0
BRDA:83,18,0,4
BRDA:83,18,1,0
BRDA:99,19,0,3
BRDA:99,19,1,7
BRDA:99,20,0,10
BRDA:99,20,1,8
BRDA:110,21,0,3
BRDA:127,22,0,4
BRDA:127,22,1,4
BRDA:127,23,0,8
BRDA:127,23,1,5
BRDA:138,24,0,4
BRDA:138,24,1,4
BRDA:138,25,0,8
BRDA:138,25,1,5
BRDA:149,26,0,7
BRDA:149,26,1,4
BRDA:149,26,2,4
BRDA:159,27,0,7
BRDA:160,28,0,4
BRDA:160,28,1,4
BRDA:160,29,0,8
BRDA:160,29,1,6
BRDA:166,30,0,2
BRDA:166,30,1,8
BRDA:166,31,0,10
BRDA:166,31,1,10
BRDA:166,31,2,10
BRF:60
BRH:58
end_of_record
